2024-12-14 12:33:48,128 - __main__ - INFO - Running main
2024-12-14 12:33:48,136 - collector - ERROR - Error reading config file: invalid decimal literal (<string>, line 1)
2024-12-14 12:37:02,621 - __main__ - INFO - Running main
2024-12-14 12:37:02,621 - collector - ERROR - Error reading config file: invalid decimal literal (<string>, line 1)
2024-12-14 12:37:57,501 - __main__ - INFO - Running main
2024-12-14 12:37:57,509 - collector - ERROR - Error reading config file: invalid decimal literal (<string>, line 1)
2024-12-14 12:38:58,664 - __main__ - INFO - Running main
2024-12-14 12:38:58,665 - collector - ERROR - Error reading config file: invalid decimal literal (<string>, line 1)
2024-12-14 12:42:09,919 - __main__ - INFO - Running main
2024-12-14 12:42:09,921 - collector - ERROR - Error reading config file: invalid decimal literal (<string>, line 1)
2024-12-14 12:44:24,983 - __main__ - INFO - Running main
2024-12-14 12:44:24,985 - collector - ERROR - Error reading config file: invalid decimal literal (<string>, line 1)
2024-12-14 13:37:46,320 - __main__ - INFO - Running main
2024-12-14 13:37:46,323 - urllib3.connectionpool - DEBUG - Starting new HTTP connection (1): api.census.gov:80
2024-12-14 13:37:46,558 - urllib3.connectionpool - DEBUG - http://api.census.gov:80 "GET /data/2009/acs/acs5/profile?get=group%28DP02%29&for=county%3A%2A&key=848036d46fd55e63a5f1b21b7ef156d442ccd5b0 HTTP/1.1" 302 0
2024-12-14 13:37:46,559 - urllib3.connectionpool - DEBUG - Starting new HTTPS connection (1): api.census.gov:443
2024-12-14 13:37:51,191 - urllib3.connectionpool - DEBUG - https://api.census.gov:443 "GET /data/2009/acs/acs5/profile?get=group%28DP02%29&for=county%3A%2A&key=848036d46fd55e63a5f1b21b7ef156d442ccd5b0 HTTP/1.1" 200 None
2024-12-14 13:38:30,423 - collector - INFO - Data successfully saved to data\acs_acs5_profile_DP02_2009.json
2024-12-14 13:38:30,463 - urllib3.connectionpool - DEBUG - Starting new HTTP connection (1): api.census.gov:80
2024-12-14 13:38:30,683 - urllib3.connectionpool - DEBUG - http://api.census.gov:80 "GET /data/2009/acs/acs5/profile?get=group%28DP03%29&for=county%3A%2A&key=848036d46fd55e63a5f1b21b7ef156d442ccd5b0 HTTP/1.1" 302 0
2024-12-14 13:38:30,685 - urllib3.connectionpool - DEBUG - Starting new HTTPS connection (1): api.census.gov:443
2024-12-14 13:38:34,596 - urllib3.connectionpool - DEBUG - https://api.census.gov:443 "GET /data/2009/acs/acs5/profile?get=group%28DP03%29&for=county%3A%2A&key=848036d46fd55e63a5f1b21b7ef156d442ccd5b0 HTTP/1.1" 200 None
2024-12-14 13:39:05,379 - collector - INFO - Data successfully saved to data\acs_acs5_profile_DP03_2009.json
2024-12-14 13:39:05,412 - urllib3.connectionpool - DEBUG - Starting new HTTP connection (1): api.census.gov:80
2024-12-14 13:39:05,614 - urllib3.connectionpool - DEBUG - http://api.census.gov:80 "GET /data/2009/acs/acs5/profile?get=group%28DP04%29&for=county%3A%2A&key=848036d46fd55e63a5f1b21b7ef156d442ccd5b0 HTTP/1.1" 302 0
2024-12-14 13:39:05,615 - urllib3.connectionpool - DEBUG - Starting new HTTPS connection (1): api.census.gov:443
2024-12-14 13:39:10,021 - urllib3.connectionpool - DEBUG - https://api.census.gov:443 "GET /data/2009/acs/acs5/profile?get=group%28DP04%29&for=county%3A%2A&key=848036d46fd55e63a5f1b21b7ef156d442ccd5b0 HTTP/1.1" 200 None
2024-12-14 13:39:44,663 - collector - INFO - Data successfully saved to data\acs_acs5_profile_DP04_2009.json
2024-12-14 13:39:44,698 - urllib3.connectionpool - DEBUG - Starting new HTTP connection (1): api.census.gov:80
2024-12-14 13:39:44,904 - urllib3.connectionpool - DEBUG - http://api.census.gov:80 "GET /data/2010/acs/acs5/profile?get=group%28DP02%29&for=county%3A%2A&key=848036d46fd55e63a5f1b21b7ef156d442ccd5b0 HTTP/1.1" 302 0
2024-12-14 13:39:44,905 - urllib3.connectionpool - DEBUG - Starting new HTTPS connection (1): api.census.gov:443
2024-12-14 13:39:48,963 - urllib3.connectionpool - DEBUG - https://api.census.gov:443 "GET /data/2010/acs/acs5/profile?get=group%28DP02%29&for=county%3A%2A&key=848036d46fd55e63a5f1b21b7ef156d442ccd5b0 HTTP/1.1" 200 None
2024-12-14 13:40:28,274 - collector - INFO - Data successfully saved to data\acs_acs5_profile_DP02_2010.json
2024-12-14 13:40:28,317 - urllib3.connectionpool - DEBUG - Starting new HTTP connection (1): api.census.gov:80
2024-12-14 13:40:28,528 - urllib3.connectionpool - DEBUG - http://api.census.gov:80 "GET /data/2010/acs/acs5/profile?get=group%28DP03%29&for=county%3A%2A&key=848036d46fd55e63a5f1b21b7ef156d442ccd5b0 HTTP/1.1" 302 0
2024-12-14 13:40:28,529 - urllib3.connectionpool - DEBUG - Starting new HTTPS connection (1): api.census.gov:443
2024-12-14 13:40:32,300 - urllib3.connectionpool - DEBUG - https://api.census.gov:443 "GET /data/2010/acs/acs5/profile?get=group%28DP03%29&for=county%3A%2A&key=848036d46fd55e63a5f1b21b7ef156d442ccd5b0 HTTP/1.1" 200 None
2024-12-14 13:41:17,293 - collector - INFO - Data successfully saved to data\acs_acs5_profile_DP03_2010.json
2024-12-14 13:41:17,338 - urllib3.connectionpool - DEBUG - Starting new HTTP connection (1): api.census.gov:80
2024-12-14 13:41:17,550 - urllib3.connectionpool - DEBUG - http://api.census.gov:80 "GET /data/2010/acs/acs5/profile?get=group%28DP04%29&for=county%3A%2A&key=848036d46fd55e63a5f1b21b7ef156d442ccd5b0 HTTP/1.1" 302 0
2024-12-14 13:41:17,551 - urllib3.connectionpool - DEBUG - Starting new HTTPS connection (1): api.census.gov:443
2024-12-14 13:41:22,303 - urllib3.connectionpool - DEBUG - https://api.census.gov:443 "GET /data/2010/acs/acs5/profile?get=group%28DP04%29&for=county%3A%2A&key=848036d46fd55e63a5f1b21b7ef156d442ccd5b0 HTTP/1.1" 200 None
2024-12-14 13:42:00,149 - collector - INFO - Data successfully saved to data\acs_acs5_profile_DP04_2010.json
2024-12-14 13:42:00,187 - urllib3.connectionpool - DEBUG - Starting new HTTP connection (1): api.census.gov:80
2024-12-14 13:42:00,378 - urllib3.connectionpool - DEBUG - http://api.census.gov:80 "GET /data/2011/acs/acs5/profile?get=group%28DP02%29&for=county%3A%2A&key=848036d46fd55e63a5f1b21b7ef156d442ccd5b0 HTTP/1.1" 302 0
2024-12-14 13:42:00,379 - urllib3.connectionpool - DEBUG - Starting new HTTPS connection (1): api.census.gov:443
2024-12-14 13:42:04,289 - urllib3.connectionpool - DEBUG - https://api.census.gov:443 "GET /data/2011/acs/acs5/profile?get=group%28DP02%29&for=county%3A%2A&key=848036d46fd55e63a5f1b21b7ef156d442ccd5b0 HTTP/1.1" 200 None
2024-12-14 13:42:45,896 - collector - INFO - Data successfully saved to data\acs_acs5_profile_DP02_2011.json
2024-12-14 13:42:45,938 - urllib3.connectionpool - DEBUG - Starting new HTTP connection (1): api.census.gov:80
2024-12-14 13:42:46,132 - urllib3.connectionpool - DEBUG - http://api.census.gov:80 "GET /data/2011/acs/acs5/profile?get=group%28DP03%29&for=county%3A%2A&key=848036d46fd55e63a5f1b21b7ef156d442ccd5b0 HTTP/1.1" 302 0
2024-12-14 13:42:46,133 - urllib3.connectionpool - DEBUG - Starting new HTTPS connection (1): api.census.gov:443
2024-12-14 13:42:50,724 - urllib3.connectionpool - DEBUG - https://api.census.gov:443 "GET /data/2011/acs/acs5/profile?get=group%28DP03%29&for=county%3A%2A&key=848036d46fd55e63a5f1b21b7ef156d442ccd5b0 HTTP/1.1" 200 None
2024-12-14 13:43:33,987 - collector - INFO - Data successfully saved to data\acs_acs5_profile_DP03_2011.json
2024-12-14 13:43:34,039 - urllib3.connectionpool - DEBUG - Starting new HTTP connection (1): api.census.gov:80
2024-12-14 13:43:34,233 - urllib3.connectionpool - DEBUG - http://api.census.gov:80 "GET /data/2011/acs/acs5/profile?get=group%28DP04%29&for=county%3A%2A&key=848036d46fd55e63a5f1b21b7ef156d442ccd5b0 HTTP/1.1" 302 0
2024-12-14 13:43:34,234 - urllib3.connectionpool - DEBUG - Starting new HTTPS connection (1): api.census.gov:443
2024-12-14 13:43:38,888 - urllib3.connectionpool - DEBUG - https://api.census.gov:443 "GET /data/2011/acs/acs5/profile?get=group%28DP04%29&for=county%3A%2A&key=848036d46fd55e63a5f1b21b7ef156d442ccd5b0 HTTP/1.1" 200 None
2024-12-14 13:44:18,160 - collector - INFO - Data successfully saved to data\acs_acs5_profile_DP04_2011.json
2024-12-14 13:44:18,198 - urllib3.connectionpool - DEBUG - Starting new HTTP connection (1): api.census.gov:80
2024-12-14 13:44:18,391 - urllib3.connectionpool - DEBUG - http://api.census.gov:80 "GET /data/2012/acs/acs5/profile?get=group%28DP02%29&for=county%3A%2A&key=848036d46fd55e63a5f1b21b7ef156d442ccd5b0 HTTP/1.1" 302 0
2024-12-14 13:44:18,391 - urllib3.connectionpool - DEBUG - Starting new HTTPS connection (1): api.census.gov:443
2024-12-14 13:44:22,234 - urllib3.connectionpool - DEBUG - https://api.census.gov:443 "GET /data/2012/acs/acs5/profile?get=group%28DP02%29&for=county%3A%2A&key=848036d46fd55e63a5f1b21b7ef156d442ccd5b0 HTTP/1.1" 200 None
2024-12-14 13:44:59,983 - collector - INFO - Data successfully saved to data\acs_acs5_profile_DP02_2012.json
2024-12-14 13:45:00,026 - urllib3.connectionpool - DEBUG - Starting new HTTP connection (1): api.census.gov:80
2024-12-14 13:45:00,218 - urllib3.connectionpool - DEBUG - http://api.census.gov:80 "GET /data/2012/acs/acs5/profile?get=group%28DP03%29&for=county%3A%2A&key=848036d46fd55e63a5f1b21b7ef156d442ccd5b0 HTTP/1.1" 302 0
2024-12-14 13:45:00,219 - urllib3.connectionpool - DEBUG - Starting new HTTPS connection (1): api.census.gov:443
2024-12-14 13:45:04,485 - urllib3.connectionpool - DEBUG - https://api.census.gov:443 "GET /data/2012/acs/acs5/profile?get=group%28DP03%29&for=county%3A%2A&key=848036d46fd55e63a5f1b21b7ef156d442ccd5b0 HTTP/1.1" 200 None
2024-12-14 13:45:43,636 - collector - INFO - Data successfully saved to data\acs_acs5_profile_DP03_2012.json
2024-12-14 13:45:43,680 - urllib3.connectionpool - DEBUG - Starting new HTTP connection (1): api.census.gov:80
2024-12-14 13:45:43,881 - urllib3.connectionpool - DEBUG - http://api.census.gov:80 "GET /data/2012/acs/acs5/profile?get=group%28DP04%29&for=county%3A%2A&key=848036d46fd55e63a5f1b21b7ef156d442ccd5b0 HTTP/1.1" 302 0
2024-12-14 13:45:43,882 - urllib3.connectionpool - DEBUG - Starting new HTTPS connection (1): api.census.gov:443
2024-12-14 13:45:47,899 - urllib3.connectionpool - DEBUG - https://api.census.gov:443 "GET /data/2012/acs/acs5/profile?get=group%28DP04%29&for=county%3A%2A&key=848036d46fd55e63a5f1b21b7ef156d442ccd5b0 HTTP/1.1" 200 None
2024-12-14 13:46:25,363 - collector - INFO - Data successfully saved to data\acs_acs5_profile_DP04_2012.json
2024-12-14 13:46:25,401 - urllib3.connectionpool - DEBUG - Starting new HTTP connection (1): api.census.gov:80
2024-12-14 13:46:25,600 - urllib3.connectionpool - DEBUG - http://api.census.gov:80 "GET /data/2013/acs/acs5/profile?get=group%28DP02%29&for=county%3A%2A&key=848036d46fd55e63a5f1b21b7ef156d442ccd5b0 HTTP/1.1" 302 0
2024-12-14 13:46:25,601 - urllib3.connectionpool - DEBUG - Starting new HTTPS connection (1): api.census.gov:443
2024-12-14 13:46:29,364 - urllib3.connectionpool - DEBUG - https://api.census.gov:443 "GET /data/2013/acs/acs5/profile?get=group%28DP02%29&for=county%3A%2A&key=848036d46fd55e63a5f1b21b7ef156d442ccd5b0 HTTP/1.1" 200 None
2024-12-14 13:47:11,200 - collector - INFO - Data successfully saved to data\acs_acs5_profile_DP02_2013.json
2024-12-14 13:47:11,243 - urllib3.connectionpool - DEBUG - Starting new HTTP connection (1): api.census.gov:80
2024-12-14 13:47:11,434 - urllib3.connectionpool - DEBUG - http://api.census.gov:80 "GET /data/2013/acs/acs5/profile?get=group%28DP03%29&for=county%3A%2A&key=848036d46fd55e63a5f1b21b7ef156d442ccd5b0 HTTP/1.1" 302 0
2024-12-14 13:47:11,435 - urllib3.connectionpool - DEBUG - Starting new HTTPS connection (1): api.census.gov:443
2024-12-14 13:47:16,186 - urllib3.connectionpool - DEBUG - https://api.census.gov:443 "GET /data/2013/acs/acs5/profile?get=group%28DP03%29&for=county%3A%2A&key=848036d46fd55e63a5f1b21b7ef156d442ccd5b0 HTTP/1.1" 200 None
2024-12-14 13:47:53,765 - collector - INFO - Data successfully saved to data\acs_acs5_profile_DP03_2013.json
2024-12-14 13:47:53,805 - urllib3.connectionpool - DEBUG - Starting new HTTP connection (1): api.census.gov:80
2024-12-14 13:47:54,003 - urllib3.connectionpool - DEBUG - http://api.census.gov:80 "GET /data/2013/acs/acs5/profile?get=group%28DP04%29&for=county%3A%2A&key=848036d46fd55e63a5f1b21b7ef156d442ccd5b0 HTTP/1.1" 302 0
2024-12-14 13:47:54,004 - urllib3.connectionpool - DEBUG - Starting new HTTPS connection (1): api.census.gov:443
2024-12-14 13:47:58,429 - urllib3.connectionpool - DEBUG - https://api.census.gov:443 "GET /data/2013/acs/acs5/profile?get=group%28DP04%29&for=county%3A%2A&key=848036d46fd55e63a5f1b21b7ef156d442ccd5b0 HTTP/1.1" 200 None
2024-12-14 13:48:35,188 - collector - INFO - Data successfully saved to data\acs_acs5_profile_DP04_2013.json
2024-12-14 13:48:35,227 - urllib3.connectionpool - DEBUG - Starting new HTTP connection (1): api.census.gov:80
2024-12-14 13:48:35,423 - urllib3.connectionpool - DEBUG - http://api.census.gov:80 "GET /data/2014/acs/acs5/profile?get=group%28DP02%29&for=county%3A%2A&key=848036d46fd55e63a5f1b21b7ef156d442ccd5b0 HTTP/1.1" 302 0
2024-12-14 13:48:35,423 - urllib3.connectionpool - DEBUG - Starting new HTTPS connection (1): api.census.gov:443
2024-12-14 13:48:39,926 - urllib3.connectionpool - DEBUG - https://api.census.gov:443 "GET /data/2014/acs/acs5/profile?get=group%28DP02%29&for=county%3A%2A&key=848036d46fd55e63a5f1b21b7ef156d442ccd5b0 HTTP/1.1" 200 None
2024-12-14 13:49:20,363 - collector - INFO - Data successfully saved to data\acs_acs5_profile_DP02_2014.json
2024-12-14 13:49:20,399 - urllib3.connectionpool - DEBUG - Starting new HTTP connection (1): api.census.gov:80
2024-12-14 13:49:20,596 - urllib3.connectionpool - DEBUG - http://api.census.gov:80 "GET /data/2014/acs/acs5/profile?get=group%28DP03%29&for=county%3A%2A&key=848036d46fd55e63a5f1b21b7ef156d442ccd5b0 HTTP/1.1" 302 0
2024-12-14 13:49:20,597 - urllib3.connectionpool - DEBUG - Starting new HTTPS connection (1): api.census.gov:443
2024-12-14 13:49:24,689 - urllib3.connectionpool - DEBUG - https://api.census.gov:443 "GET /data/2014/acs/acs5/profile?get=group%28DP03%29&for=county%3A%2A&key=848036d46fd55e63a5f1b21b7ef156d442ccd5b0 HTTP/1.1" 200 None
2024-12-14 13:50:03,859 - collector - INFO - Data successfully saved to data\acs_acs5_profile_DP03_2014.json
2024-12-14 13:50:03,900 - urllib3.connectionpool - DEBUG - Starting new HTTP connection (1): api.census.gov:80
2024-12-14 13:50:04,100 - urllib3.connectionpool - DEBUG - http://api.census.gov:80 "GET /data/2014/acs/acs5/profile?get=group%28DP04%29&for=county%3A%2A&key=848036d46fd55e63a5f1b21b7ef156d442ccd5b0 HTTP/1.1" 302 0
2024-12-14 13:50:04,101 - urllib3.connectionpool - DEBUG - Starting new HTTPS connection (1): api.census.gov:443
2024-12-14 13:50:08,961 - urllib3.connectionpool - DEBUG - https://api.census.gov:443 "GET /data/2014/acs/acs5/profile?get=group%28DP04%29&for=county%3A%2A&key=848036d46fd55e63a5f1b21b7ef156d442ccd5b0 HTTP/1.1" 200 None
2024-12-14 13:50:46,247 - collector - INFO - Data successfully saved to data\acs_acs5_profile_DP04_2014.json
2024-12-14 13:50:46,283 - urllib3.connectionpool - DEBUG - Starting new HTTP connection (1): api.census.gov:80
2024-12-14 13:50:46,477 - urllib3.connectionpool - DEBUG - http://api.census.gov:80 "GET /data/2015/acs/acs5/profile?get=group%28DP02%29&for=county%3A%2A&key=848036d46fd55e63a5f1b21b7ef156d442ccd5b0 HTTP/1.1" 302 0
2024-12-14 13:50:46,478 - urllib3.connectionpool - DEBUG - Starting new HTTPS connection (1): api.census.gov:443
2024-12-14 13:50:51,218 - urllib3.connectionpool - DEBUG - https://api.census.gov:443 "GET /data/2015/acs/acs5/profile?get=group%28DP02%29&for=county%3A%2A&key=848036d46fd55e63a5f1b21b7ef156d442ccd5b0 HTTP/1.1" 200 None
2024-12-14 13:51:31,280 - collector - INFO - Data successfully saved to data\acs_acs5_profile_DP02_2015.json
2024-12-14 13:51:31,326 - urllib3.connectionpool - DEBUG - Starting new HTTP connection (1): api.census.gov:80
2024-12-14 13:51:31,518 - urllib3.connectionpool - DEBUG - http://api.census.gov:80 "GET /data/2015/acs/acs5/profile?get=group%28DP03%29&for=county%3A%2A&key=848036d46fd55e63a5f1b21b7ef156d442ccd5b0 HTTP/1.1" 302 0
2024-12-14 13:51:31,518 - urllib3.connectionpool - DEBUG - Starting new HTTPS connection (1): api.census.gov:443
2024-12-14 13:51:36,543 - urllib3.connectionpool - DEBUG - https://api.census.gov:443 "GET /data/2015/acs/acs5/profile?get=group%28DP03%29&for=county%3A%2A&key=848036d46fd55e63a5f1b21b7ef156d442ccd5b0 HTTP/1.1" 200 None
2024-12-14 13:52:14,180 - collector - INFO - Data successfully saved to data\acs_acs5_profile_DP03_2015.json
2024-12-14 13:52:14,223 - urllib3.connectionpool - DEBUG - Starting new HTTP connection (1): api.census.gov:80
2024-12-14 13:52:14,415 - urllib3.connectionpool - DEBUG - http://api.census.gov:80 "GET /data/2015/acs/acs5/profile?get=group%28DP04%29&for=county%3A%2A&key=848036d46fd55e63a5f1b21b7ef156d442ccd5b0 HTTP/1.1" 302 0
2024-12-14 13:52:14,416 - urllib3.connectionpool - DEBUG - Starting new HTTPS connection (1): api.census.gov:443
2024-12-14 13:52:18,892 - urllib3.connectionpool - DEBUG - https://api.census.gov:443 "GET /data/2015/acs/acs5/profile?get=group%28DP04%29&for=county%3A%2A&key=848036d46fd55e63a5f1b21b7ef156d442ccd5b0 HTTP/1.1" 200 None
2024-12-14 13:52:56,467 - collector - INFO - Data successfully saved to data\acs_acs5_profile_DP04_2015.json
2024-12-14 13:52:56,504 - urllib3.connectionpool - DEBUG - Starting new HTTP connection (1): api.census.gov:80
2024-12-14 13:52:56,749 - urllib3.connectionpool - DEBUG - http://api.census.gov:80 "GET /data/2016/acs/acs5/profile?get=group%28DP02%29&for=county%3A%2A&key=848036d46fd55e63a5f1b21b7ef156d442ccd5b0 HTTP/1.1" 302 0
2024-12-14 13:52:56,750 - urllib3.connectionpool - DEBUG - Starting new HTTPS connection (1): api.census.gov:443
2024-12-14 13:53:00,866 - urllib3.connectionpool - DEBUG - https://api.census.gov:443 "GET /data/2016/acs/acs5/profile?get=group%28DP02%29&for=county%3A%2A&key=848036d46fd55e63a5f1b21b7ef156d442ccd5b0 HTTP/1.1" 200 None
2024-12-14 13:53:40,443 - collector - INFO - Data successfully saved to data\acs_acs5_profile_DP02_2016.json
2024-12-14 13:53:40,483 - urllib3.connectionpool - DEBUG - Starting new HTTP connection (1): api.census.gov:80
2024-12-14 13:53:40,677 - urllib3.connectionpool - DEBUG - http://api.census.gov:80 "GET /data/2016/acs/acs5/profile?get=group%28DP03%29&for=county%3A%2A&key=848036d46fd55e63a5f1b21b7ef156d442ccd5b0 HTTP/1.1" 302 0
2024-12-14 13:53:40,678 - urllib3.connectionpool - DEBUG - Starting new HTTPS connection (1): api.census.gov:443
2024-12-14 13:53:45,046 - urllib3.connectionpool - DEBUG - https://api.census.gov:443 "GET /data/2016/acs/acs5/profile?get=group%28DP03%29&for=county%3A%2A&key=848036d46fd55e63a5f1b21b7ef156d442ccd5b0 HTTP/1.1" 200 None
2024-12-14 13:54:23,600 - collector - INFO - Data successfully saved to data\acs_acs5_profile_DP03_2016.json
2024-12-14 13:54:23,639 - urllib3.connectionpool - DEBUG - Starting new HTTP connection (1): api.census.gov:80
2024-12-14 13:54:23,834 - urllib3.connectionpool - DEBUG - http://api.census.gov:80 "GET /data/2016/acs/acs5/profile?get=group%28DP04%29&for=county%3A%2A&key=848036d46fd55e63a5f1b21b7ef156d442ccd5b0 HTTP/1.1" 302 0
2024-12-14 13:54:23,835 - urllib3.connectionpool - DEBUG - Starting new HTTPS connection (1): api.census.gov:443
2024-12-14 13:54:28,844 - urllib3.connectionpool - DEBUG - https://api.census.gov:443 "GET /data/2016/acs/acs5/profile?get=group%28DP04%29&for=county%3A%2A&key=848036d46fd55e63a5f1b21b7ef156d442ccd5b0 HTTP/1.1" 200 None
2024-12-14 13:55:05,463 - collector - INFO - Data successfully saved to data\acs_acs5_profile_DP04_2016.json
2024-12-14 13:55:05,501 - urllib3.connectionpool - DEBUG - Starting new HTTP connection (1): api.census.gov:80
2024-12-14 13:55:05,694 - urllib3.connectionpool - DEBUG - http://api.census.gov:80 "GET /data/2017/acs/acs5/profile?get=group%28DP02%29&for=county%3A%2A&key=848036d46fd55e63a5f1b21b7ef156d442ccd5b0 HTTP/1.1" 302 0
2024-12-14 13:55:05,695 - urllib3.connectionpool - DEBUG - Starting new HTTPS connection (1): api.census.gov:443
2024-12-14 13:55:10,594 - urllib3.connectionpool - DEBUG - https://api.census.gov:443 "GET /data/2017/acs/acs5/profile?get=group%28DP02%29&for=county%3A%2A&key=848036d46fd55e63a5f1b21b7ef156d442ccd5b0 HTTP/1.1" 200 None
2024-12-14 13:55:50,879 - collector - INFO - Data successfully saved to data\acs_acs5_profile_DP02_2017.json
2024-12-14 13:55:50,913 - urllib3.connectionpool - DEBUG - Starting new HTTP connection (1): api.census.gov:80
2024-12-14 13:55:51,108 - urllib3.connectionpool - DEBUG - http://api.census.gov:80 "GET /data/2017/acs/acs5/profile?get=group%28DP03%29&for=county%3A%2A&key=848036d46fd55e63a5f1b21b7ef156d442ccd5b0 HTTP/1.1" 302 0
2024-12-14 13:55:51,109 - urllib3.connectionpool - DEBUG - Starting new HTTPS connection (1): api.census.gov:443
2024-12-14 13:55:55,427 - urllib3.connectionpool - DEBUG - https://api.census.gov:443 "GET /data/2017/acs/acs5/profile?get=group%28DP03%29&for=county%3A%2A&key=848036d46fd55e63a5f1b21b7ef156d442ccd5b0 HTTP/1.1" 200 None
2024-12-14 13:56:33,640 - collector - INFO - Data successfully saved to data\acs_acs5_profile_DP03_2017.json
2024-12-14 13:56:33,676 - urllib3.connectionpool - DEBUG - Starting new HTTP connection (1): api.census.gov:80
2024-12-14 13:56:33,867 - urllib3.connectionpool - DEBUG - http://api.census.gov:80 "GET /data/2017/acs/acs5/profile?get=group%28DP04%29&for=county%3A%2A&key=848036d46fd55e63a5f1b21b7ef156d442ccd5b0 HTTP/1.1" 302 0
2024-12-14 13:56:33,868 - urllib3.connectionpool - DEBUG - Starting new HTTPS connection (1): api.census.gov:443
2024-12-14 13:56:38,559 - urllib3.connectionpool - DEBUG - https://api.census.gov:443 "GET /data/2017/acs/acs5/profile?get=group%28DP04%29&for=county%3A%2A&key=848036d46fd55e63a5f1b21b7ef156d442ccd5b0 HTTP/1.1" 200 None
2024-12-14 13:57:17,328 - collector - INFO - Data successfully saved to data\acs_acs5_profile_DP04_2017.json
2024-12-14 13:57:17,369 - urllib3.connectionpool - DEBUG - Starting new HTTP connection (1): api.census.gov:80
2024-12-14 13:57:17,567 - urllib3.connectionpool - DEBUG - http://api.census.gov:80 "GET /data/2018/acs/acs5/profile?get=group%28DP02%29&for=county%3A%2A&key=848036d46fd55e63a5f1b21b7ef156d442ccd5b0 HTTP/1.1" 302 0
2024-12-14 13:57:17,568 - urllib3.connectionpool - DEBUG - Starting new HTTPS connection (1): api.census.gov:443
2024-12-14 13:57:22,122 - urllib3.connectionpool - DEBUG - https://api.census.gov:443 "GET /data/2018/acs/acs5/profile?get=group%28DP02%29&for=county%3A%2A&key=848036d46fd55e63a5f1b21b7ef156d442ccd5b0 HTTP/1.1" 200 None
2024-12-14 13:58:03,265 - collector - INFO - Data successfully saved to data\acs_acs5_profile_DP02_2018.json
2024-12-14 13:58:03,305 - urllib3.connectionpool - DEBUG - Starting new HTTP connection (1): api.census.gov:80
2024-12-14 13:58:03,496 - urllib3.connectionpool - DEBUG - http://api.census.gov:80 "GET /data/2018/acs/acs5/profile?get=group%28DP03%29&for=county%3A%2A&key=848036d46fd55e63a5f1b21b7ef156d442ccd5b0 HTTP/1.1" 302 0
2024-12-14 13:58:03,497 - urllib3.connectionpool - DEBUG - Starting new HTTPS connection (1): api.census.gov:443
2024-12-14 13:58:07,858 - urllib3.connectionpool - DEBUG - https://api.census.gov:443 "GET /data/2018/acs/acs5/profile?get=group%28DP03%29&for=county%3A%2A&key=848036d46fd55e63a5f1b21b7ef156d442ccd5b0 HTTP/1.1" 200 None
2024-12-14 13:58:45,911 - collector - INFO - Data successfully saved to data\acs_acs5_profile_DP03_2018.json
2024-12-14 13:58:45,948 - urllib3.connectionpool - DEBUG - Starting new HTTP connection (1): api.census.gov:80
2024-12-14 13:58:46,143 - urllib3.connectionpool - DEBUG - http://api.census.gov:80 "GET /data/2018/acs/acs5/profile?get=group%28DP04%29&for=county%3A%2A&key=848036d46fd55e63a5f1b21b7ef156d442ccd5b0 HTTP/1.1" 302 0
2024-12-14 13:58:46,144 - urllib3.connectionpool - DEBUG - Starting new HTTPS connection (1): api.census.gov:443
2024-12-14 13:58:50,699 - urllib3.connectionpool - DEBUG - https://api.census.gov:443 "GET /data/2018/acs/acs5/profile?get=group%28DP04%29&for=county%3A%2A&key=848036d46fd55e63a5f1b21b7ef156d442ccd5b0 HTTP/1.1" 200 None
2024-12-14 13:59:29,952 - collector - INFO - Data successfully saved to data\acs_acs5_profile_DP04_2018.json
2024-12-14 13:59:29,995 - urllib3.connectionpool - DEBUG - Starting new HTTP connection (1): api.census.gov:80
2024-12-14 13:59:30,193 - urllib3.connectionpool - DEBUG - http://api.census.gov:80 "GET /data/2019/acs/acs5/profile?get=group%28DP02%29&for=county%3A%2A&key=848036d46fd55e63a5f1b21b7ef156d442ccd5b0 HTTP/1.1" 302 0
2024-12-14 13:59:30,194 - urllib3.connectionpool - DEBUG - Starting new HTTPS connection (1): api.census.gov:443
2024-12-14 13:59:34,235 - urllib3.connectionpool - DEBUG - https://api.census.gov:443 "GET /data/2019/acs/acs5/profile?get=group%28DP02%29&for=county%3A%2A&key=848036d46fd55e63a5f1b21b7ef156d442ccd5b0 HTTP/1.1" 200 None
2024-12-14 14:00:13,332 - collector - INFO - Data successfully saved to data\acs_acs5_profile_DP02_2019.json
2024-12-14 14:00:13,370 - urllib3.connectionpool - DEBUG - Starting new HTTP connection (1): api.census.gov:80
2024-12-14 14:00:13,565 - urllib3.connectionpool - DEBUG - http://api.census.gov:80 "GET /data/2019/acs/acs5/profile?get=group%28DP03%29&for=county%3A%2A&key=848036d46fd55e63a5f1b21b7ef156d442ccd5b0 HTTP/1.1" 302 0
2024-12-14 14:00:13,566 - urllib3.connectionpool - DEBUG - Starting new HTTPS connection (1): api.census.gov:443
2024-12-14 14:00:18,244 - urllib3.connectionpool - DEBUG - https://api.census.gov:443 "GET /data/2019/acs/acs5/profile?get=group%28DP03%29&for=county%3A%2A&key=848036d46fd55e63a5f1b21b7ef156d442ccd5b0 HTTP/1.1" 200 None
2024-12-14 14:00:57,541 - collector - INFO - Data successfully saved to data\acs_acs5_profile_DP03_2019.json
2024-12-14 14:00:57,577 - urllib3.connectionpool - DEBUG - Starting new HTTP connection (1): api.census.gov:80
2024-12-14 14:00:57,770 - urllib3.connectionpool - DEBUG - http://api.census.gov:80 "GET /data/2019/acs/acs5/profile?get=group%28DP04%29&for=county%3A%2A&key=848036d46fd55e63a5f1b21b7ef156d442ccd5b0 HTTP/1.1" 302 0
2024-12-14 14:00:57,770 - urllib3.connectionpool - DEBUG - Starting new HTTPS connection (1): api.census.gov:443
2024-12-14 14:01:02,020 - urllib3.connectionpool - DEBUG - https://api.census.gov:443 "GET /data/2019/acs/acs5/profile?get=group%28DP04%29&for=county%3A%2A&key=848036d46fd55e63a5f1b21b7ef156d442ccd5b0 HTTP/1.1" 200 None
2024-12-14 14:01:39,505 - collector - INFO - Data successfully saved to data\acs_acs5_profile_DP04_2019.json
2024-12-14 14:01:39,539 - urllib3.connectionpool - DEBUG - Starting new HTTP connection (1): api.census.gov:80
2024-12-14 14:01:39,728 - urllib3.connectionpool - DEBUG - http://api.census.gov:80 "GET /data/2020/acs/acs5/profile?get=group%28DP02%29&for=county%3A%2A&key=848036d46fd55e63a5f1b21b7ef156d442ccd5b0 HTTP/1.1" 302 0
2024-12-14 14:01:39,729 - urllib3.connectionpool - DEBUG - Starting new HTTPS connection (1): api.census.gov:443
2024-12-14 14:01:43,743 - urllib3.connectionpool - DEBUG - https://api.census.gov:443 "GET /data/2020/acs/acs5/profile?get=group%28DP02%29&for=county%3A%2A&key=848036d46fd55e63a5f1b21b7ef156d442ccd5b0 HTTP/1.1" 200 None
2024-12-14 14:02:25,455 - collector - INFO - Data successfully saved to data\acs_acs5_profile_DP02_2020.json
2024-12-14 14:02:25,496 - urllib3.connectionpool - DEBUG - Starting new HTTP connection (1): api.census.gov:80
2024-12-14 14:02:25,688 - urllib3.connectionpool - DEBUG - http://api.census.gov:80 "GET /data/2020/acs/acs5/profile?get=group%28DP03%29&for=county%3A%2A&key=848036d46fd55e63a5f1b21b7ef156d442ccd5b0 HTTP/1.1" 302 0
2024-12-14 14:02:25,689 - urllib3.connectionpool - DEBUG - Starting new HTTPS connection (1): api.census.gov:443
2024-12-14 14:02:34,992 - urllib3.connectionpool - DEBUG - https://api.census.gov:443 "GET /data/2020/acs/acs5/profile?get=group%28DP03%29&for=county%3A%2A&key=848036d46fd55e63a5f1b21b7ef156d442ccd5b0 HTTP/1.1" 200 None
2024-12-14 14:03:13,804 - collector - INFO - Data successfully saved to data\acs_acs5_profile_DP03_2020.json
2024-12-14 14:03:13,844 - urllib3.connectionpool - DEBUG - Starting new HTTP connection (1): api.census.gov:80
2024-12-14 14:03:14,043 - urllib3.connectionpool - DEBUG - http://api.census.gov:80 "GET /data/2020/acs/acs5/profile?get=group%28DP04%29&for=county%3A%2A&key=848036d46fd55e63a5f1b21b7ef156d442ccd5b0 HTTP/1.1" 302 0
2024-12-14 14:03:14,044 - urllib3.connectionpool - DEBUG - Starting new HTTPS connection (1): api.census.gov:443
2024-12-14 14:03:18,599 - urllib3.connectionpool - DEBUG - https://api.census.gov:443 "GET /data/2020/acs/acs5/profile?get=group%28DP04%29&for=county%3A%2A&key=848036d46fd55e63a5f1b21b7ef156d442ccd5b0 HTTP/1.1" 200 None
2024-12-14 14:03:56,325 - collector - INFO - Data successfully saved to data\acs_acs5_profile_DP04_2020.json
2024-12-14 14:03:56,361 - urllib3.connectionpool - DEBUG - Starting new HTTP connection (1): api.census.gov:80
2024-12-14 14:03:56,557 - urllib3.connectionpool - DEBUG - http://api.census.gov:80 "GET /data/2022/acs/acs5/profile?get=group%28DP02%29&for=county%3A%2A&key=848036d46fd55e63a5f1b21b7ef156d442ccd5b0 HTTP/1.1" 302 0
2024-12-14 14:03:56,558 - urllib3.connectionpool - DEBUG - Starting new HTTPS connection (1): api.census.gov:443
2024-12-14 14:04:01,071 - urllib3.connectionpool - DEBUG - https://api.census.gov:443 "GET /data/2022/acs/acs5/profile?get=group%28DP02%29&for=county%3A%2A&key=848036d46fd55e63a5f1b21b7ef156d442ccd5b0 HTTP/1.1" 200 None
2024-12-14 14:04:40,319 - collector - INFO - Data successfully saved to data\acs_acs5_profile_DP02_2022.json
2024-12-14 14:04:40,352 - urllib3.connectionpool - DEBUG - Starting new HTTP connection (1): api.census.gov:80
2024-12-14 14:04:40,546 - urllib3.connectionpool - DEBUG - http://api.census.gov:80 "GET /data/2022/acs/acs5/profile?get=group%28DP03%29&for=county%3A%2A&key=848036d46fd55e63a5f1b21b7ef156d442ccd5b0 HTTP/1.1" 302 0
2024-12-14 14:04:40,547 - urllib3.connectionpool - DEBUG - Starting new HTTPS connection (1): api.census.gov:443
2024-12-14 14:04:45,006 - urllib3.connectionpool - DEBUG - https://api.census.gov:443 "GET /data/2022/acs/acs5/profile?get=group%28DP03%29&for=county%3A%2A&key=848036d46fd55e63a5f1b21b7ef156d442ccd5b0 HTTP/1.1" 200 None
2024-12-14 14:05:25,980 - collector - INFO - Data successfully saved to data\acs_acs5_profile_DP03_2022.json
2024-12-14 14:05:26,017 - urllib3.connectionpool - DEBUG - Starting new HTTP connection (1): api.census.gov:80
2024-12-14 14:05:26,217 - urllib3.connectionpool - DEBUG - http://api.census.gov:80 "GET /data/2022/acs/acs5/profile?get=group%28DP04%29&for=county%3A%2A&key=848036d46fd55e63a5f1b21b7ef156d442ccd5b0 HTTP/1.1" 302 0
2024-12-14 14:05:26,218 - urllib3.connectionpool - DEBUG - Starting new HTTPS connection (1): api.census.gov:443
2024-12-14 14:05:30,285 - urllib3.connectionpool - DEBUG - https://api.census.gov:443 "GET /data/2022/acs/acs5/profile?get=group%28DP04%29&for=county%3A%2A&key=848036d46fd55e63a5f1b21b7ef156d442ccd5b0 HTTP/1.1" 200 None
2024-12-14 14:06:09,187 - collector - INFO - Data successfully saved to data\acs_acs5_profile_DP04_2022.json
2024-12-14 17:26:08,992 - __main__ - INFO - Running main
2024-12-14 17:26:09,003 - urllib3.connectionpool - DEBUG - Starting new HTTP connection (1): api.census.gov:80
2024-12-14 17:26:09,222 - urllib3.connectionpool - DEBUG - http://api.census.gov:80 "GET /data/2021/acs/acs5/profile?get=group%28DP02%29&for=county%3A%2A&key=848036d46fd55e63a5f1b21b7ef156d442ccd5b0 HTTP/1.1" 302 0
2024-12-14 17:26:09,223 - urllib3.connectionpool - DEBUG - Starting new HTTPS connection (1): api.census.gov:443
2024-12-14 17:26:13,320 - urllib3.connectionpool - DEBUG - https://api.census.gov:443 "GET /data/2021/acs/acs5/profile?get=group%28DP02%29&for=county%3A%2A&key=848036d46fd55e63a5f1b21b7ef156d442ccd5b0 HTTP/1.1" 200 None
2024-12-14 17:26:54,981 - collector - INFO - Data successfully saved to data\acs_acs5_profile_DP02_2021.json
2024-12-14 17:26:55,027 - urllib3.connectionpool - DEBUG - Starting new HTTP connection (1): api.census.gov:80
2024-12-14 17:26:55,222 - urllib3.connectionpool - DEBUG - http://api.census.gov:80 "GET /data/2021/acs/acs5/profile?get=group%28DP03%29&for=county%3A%2A&key=848036d46fd55e63a5f1b21b7ef156d442ccd5b0 HTTP/1.1" 302 0
2024-12-14 17:26:55,223 - urllib3.connectionpool - DEBUG - Starting new HTTPS connection (1): api.census.gov:443
2024-12-14 17:26:59,137 - urllib3.connectionpool - DEBUG - https://api.census.gov:443 "GET /data/2021/acs/acs5/profile?get=group%28DP03%29&for=county%3A%2A&key=848036d46fd55e63a5f1b21b7ef156d442ccd5b0 HTTP/1.1" 200 None
2024-12-14 17:27:40,982 - collector - INFO - Data successfully saved to data\acs_acs5_profile_DP03_2021.json
2024-12-14 17:27:41,029 - urllib3.connectionpool - DEBUG - Starting new HTTP connection (1): api.census.gov:80
2024-12-14 17:27:41,219 - urllib3.connectionpool - DEBUG - http://api.census.gov:80 "GET /data/2021/acs/acs5/profile?get=group%28DP04%29&for=county%3A%2A&key=848036d46fd55e63a5f1b21b7ef156d442ccd5b0 HTTP/1.1" 302 0
2024-12-14 17:27:41,220 - urllib3.connectionpool - DEBUG - Starting new HTTPS connection (1): api.census.gov:443
2024-12-14 17:27:45,716 - urllib3.connectionpool - DEBUG - https://api.census.gov:443 "GET /data/2021/acs/acs5/profile?get=group%28DP04%29&for=county%3A%2A&key=848036d46fd55e63a5f1b21b7ef156d442ccd5b0 HTTP/1.1" 200 None
2024-12-14 17:28:22,705 - collector - INFO - Data successfully saved to data\acs_acs5_profile_DP04_2021.json
2024-12-16 15:09:56,229 - __main__ - INFO - Running main
2024-12-16 15:10:24,936 - __main__ - INFO - Running main
2024-12-16 15:10:51,633 - transformer - INFO - Final combined DataFrame for acs_acs5_profile_DP02: (43997, 576)
2024-12-16 15:11:16,327 - transformer - INFO - Final combined DataFrame for acs_acs5_profile_DP03: (45089, 439)
2024-12-16 15:11:42,003 - transformer - INFO - Final combined DataFrame for acs_acs5_profile_DP04: (45089, 556)
2024-12-16 15:11:47,352 - __main__ - INFO - Saved combined DataFrame for acs_acs5_profile_DP02 to data\acs_acs5_profile_DP02_combined.csv
2024-12-16 15:11:51,985 - __main__ - INFO - Saved combined DataFrame for acs_acs5_profile_DP03 to data\acs_acs5_profile_DP03_combined.csv
2024-12-16 15:11:57,311 - __main__ - INFO - Saved combined DataFrame for acs_acs5_profile_DP04 to data\acs_acs5_profile_DP04_combined.csv
2024-12-16 17:50:59,485 - __main__ - INFO - Running main
2024-12-16 17:50:59,489 - urllib3.connectionpool - DEBUG - Starting new HTTP connection (1): api.census.gov:80
2024-12-16 17:50:59,735 - urllib3.connectionpool - DEBUG - http://api.census.gov:80 "GET /data/2009/acs/acs5/profile?get=group%28DP02%29&for=county%3A%2A&key=848036d46fd55e63a5f1b21b7ef156d442ccd5b0 HTTP/1.1" 302 0
2024-12-16 17:50:59,736 - urllib3.connectionpool - DEBUG - Starting new HTTPS connection (1): api.census.gov:443
2024-12-16 17:51:03,646 - urllib3.connectionpool - DEBUG - https://api.census.gov:443 "GET /data/2009/acs/acs5/profile?get=group%28DP02%29&for=county%3A%2A&key=848036d46fd55e63a5f1b21b7ef156d442ccd5b0 HTTP/1.1" 200 None
2024-12-16 17:51:46,999 - collector - INFO - Data successfully saved to data\acs_acs5_profile_DP02_2009.json
2024-12-16 17:51:47,036 - urllib3.connectionpool - DEBUG - Starting new HTTP connection (1): api.census.gov:80
2024-12-16 17:51:47,237 - urllib3.connectionpool - DEBUG - http://api.census.gov:80 "GET /data/2009/acs/acs5/profile?get=group%28DP03%29&for=county%3A%2A&key=848036d46fd55e63a5f1b21b7ef156d442ccd5b0 HTTP/1.1" 302 0
2024-12-16 17:51:47,238 - urllib3.connectionpool - DEBUG - Starting new HTTPS connection (1): api.census.gov:443
2024-12-16 17:51:50,985 - urllib3.connectionpool - DEBUG - https://api.census.gov:443 "GET /data/2009/acs/acs5/profile?get=group%28DP03%29&for=county%3A%2A&key=848036d46fd55e63a5f1b21b7ef156d442ccd5b0 HTTP/1.1" 200 None
2024-12-16 17:52:44,242 - collector - INFO - Data successfully saved to data\acs_acs5_profile_DP03_2009.json
2024-12-16 17:52:44,274 - urllib3.connectionpool - DEBUG - Starting new HTTP connection (1): api.census.gov:80
2024-12-16 17:52:44,472 - urllib3.connectionpool - DEBUG - http://api.census.gov:80 "GET /data/2009/acs/acs5/profile?get=group%28DP04%29&for=county%3A%2A&key=848036d46fd55e63a5f1b21b7ef156d442ccd5b0 HTTP/1.1" 302 0
2024-12-16 17:52:44,473 - urllib3.connectionpool - DEBUG - Starting new HTTPS connection (1): api.census.gov:443
2024-12-16 17:52:48,323 - urllib3.connectionpool - DEBUG - https://api.census.gov:443 "GET /data/2009/acs/acs5/profile?get=group%28DP04%29&for=county%3A%2A&key=848036d46fd55e63a5f1b21b7ef156d442ccd5b0 HTTP/1.1" 200 None
2024-12-16 17:53:30,249 - collector - INFO - Data successfully saved to data\acs_acs5_profile_DP04_2009.json
2024-12-16 17:53:30,285 - urllib3.connectionpool - DEBUG - Starting new HTTP connection (1): api.census.gov:80
2024-12-16 17:53:30,488 - urllib3.connectionpool - DEBUG - http://api.census.gov:80 "GET /data/2010/acs/acs5/profile?get=group%28DP02%29&for=county%3A%2A&key=848036d46fd55e63a5f1b21b7ef156d442ccd5b0 HTTP/1.1" 302 0
2024-12-16 17:53:30,489 - urllib3.connectionpool - DEBUG - Starting new HTTPS connection (1): api.census.gov:443
2024-12-16 17:53:34,706 - urllib3.connectionpool - DEBUG - https://api.census.gov:443 "GET /data/2010/acs/acs5/profile?get=group%28DP02%29&for=county%3A%2A&key=848036d46fd55e63a5f1b21b7ef156d442ccd5b0 HTTP/1.1" 200 None
2024-12-16 17:55:09,558 - collector - INFO - Data successfully saved to data\acs_acs5_profile_DP02_2010.json
2024-12-16 17:55:09,603 - urllib3.connectionpool - DEBUG - Starting new HTTP connection (1): api.census.gov:80
2024-12-16 17:55:09,803 - urllib3.connectionpool - DEBUG - http://api.census.gov:80 "GET /data/2010/acs/acs5/profile?get=group%28DP03%29&for=county%3A%2A&key=848036d46fd55e63a5f1b21b7ef156d442ccd5b0 HTTP/1.1" 302 0
2024-12-16 17:55:09,804 - urllib3.connectionpool - DEBUG - Starting new HTTPS connection (1): api.census.gov:443
2024-12-16 17:55:13,958 - urllib3.connectionpool - DEBUG - https://api.census.gov:443 "GET /data/2010/acs/acs5/profile?get=group%28DP03%29&for=county%3A%2A&key=848036d46fd55e63a5f1b21b7ef156d442ccd5b0 HTTP/1.1" 200 None
2024-12-16 17:56:10,872 - collector - INFO - Data successfully saved to data\acs_acs5_profile_DP03_2010.json
2024-12-16 17:56:10,924 - urllib3.connectionpool - DEBUG - Starting new HTTP connection (1): api.census.gov:80
2024-12-16 17:56:11,123 - urllib3.connectionpool - DEBUG - http://api.census.gov:80 "GET /data/2010/acs/acs5/profile?get=group%28DP04%29&for=county%3A%2A&key=848036d46fd55e63a5f1b21b7ef156d442ccd5b0 HTTP/1.1" 302 0
2024-12-16 17:56:11,124 - urllib3.connectionpool - DEBUG - Starting new HTTPS connection (1): api.census.gov:443
2024-12-16 17:56:15,387 - urllib3.connectionpool - DEBUG - https://api.census.gov:443 "GET /data/2010/acs/acs5/profile?get=group%28DP04%29&for=county%3A%2A&key=848036d46fd55e63a5f1b21b7ef156d442ccd5b0 HTTP/1.1" 200 None
2024-12-16 17:57:03,875 - collector - INFO - Data successfully saved to data\acs_acs5_profile_DP04_2010.json
2024-12-16 17:57:03,915 - urllib3.connectionpool - DEBUG - Starting new HTTP connection (1): api.census.gov:80
2024-12-16 17:57:04,112 - urllib3.connectionpool - DEBUG - http://api.census.gov:80 "GET /data/2011/acs/acs5/profile?get=group%28DP02%29&for=county%3A%2A&key=848036d46fd55e63a5f1b21b7ef156d442ccd5b0 HTTP/1.1" 302 0
2024-12-16 17:57:04,113 - urllib3.connectionpool - DEBUG - Starting new HTTPS connection (1): api.census.gov:443
2024-12-16 17:57:07,794 - urllib3.connectionpool - DEBUG - https://api.census.gov:443 "GET /data/2011/acs/acs5/profile?get=group%28DP02%29&for=county%3A%2A&key=848036d46fd55e63a5f1b21b7ef156d442ccd5b0 HTTP/1.1" 200 None
2024-12-16 17:57:57,340 - collector - INFO - Data successfully saved to data\acs_acs5_profile_DP02_2011.json
2024-12-16 17:57:57,394 - urllib3.connectionpool - DEBUG - Starting new HTTP connection (1): api.census.gov:80
2024-12-16 17:57:57,604 - urllib3.connectionpool - DEBUG - http://api.census.gov:80 "GET /data/2011/acs/acs5/profile?get=group%28DP03%29&for=county%3A%2A&key=848036d46fd55e63a5f1b21b7ef156d442ccd5b0 HTTP/1.1" 302 0
2024-12-16 17:57:57,605 - urllib3.connectionpool - DEBUG - Starting new HTTPS connection (1): api.census.gov:443
2024-12-16 17:58:01,692 - urllib3.connectionpool - DEBUG - https://api.census.gov:443 "GET /data/2011/acs/acs5/profile?get=group%28DP03%29&for=county%3A%2A&key=848036d46fd55e63a5f1b21b7ef156d442ccd5b0 HTTP/1.1" 200 None
2024-12-16 18:00:14,406 - collector - INFO - Data successfully saved to data\acs_acs5_profile_DP03_2011.json
2024-12-16 18:00:14,456 - urllib3.connectionpool - DEBUG - Starting new HTTP connection (1): api.census.gov:80
2024-12-16 18:00:14,665 - urllib3.connectionpool - DEBUG - http://api.census.gov:80 "GET /data/2011/acs/acs5/profile?get=group%28DP04%29&for=county%3A%2A&key=848036d46fd55e63a5f1b21b7ef156d442ccd5b0 HTTP/1.1" 302 0
2024-12-16 18:00:14,666 - urllib3.connectionpool - DEBUG - Starting new HTTPS connection (1): api.census.gov:443
2024-12-16 18:00:18,688 - urllib3.connectionpool - DEBUG - https://api.census.gov:443 "GET /data/2011/acs/acs5/profile?get=group%28DP04%29&for=county%3A%2A&key=848036d46fd55e63a5f1b21b7ef156d442ccd5b0 HTTP/1.1" 200 None
2024-12-16 18:00:56,836 - collector - INFO - Data successfully saved to data\acs_acs5_profile_DP04_2011.json
2024-12-16 18:00:56,879 - urllib3.connectionpool - DEBUG - Starting new HTTP connection (1): api.census.gov:80
2024-12-16 18:00:57,077 - urllib3.connectionpool - DEBUG - http://api.census.gov:80 "GET /data/2012/acs/acs5/profile?get=group%28DP02%29&for=county%3A%2A&key=848036d46fd55e63a5f1b21b7ef156d442ccd5b0 HTTP/1.1" 302 0
2024-12-16 18:00:57,078 - urllib3.connectionpool - DEBUG - Starting new HTTPS connection (1): api.census.gov:443
2024-12-16 18:01:00,793 - urllib3.connectionpool - DEBUG - https://api.census.gov:443 "GET /data/2012/acs/acs5/profile?get=group%28DP02%29&for=county%3A%2A&key=848036d46fd55e63a5f1b21b7ef156d442ccd5b0 HTTP/1.1" 200 None
2024-12-16 18:01:40,513 - collector - INFO - Data successfully saved to data\acs_acs5_profile_DP02_2012.json
2024-12-16 18:01:40,555 - urllib3.connectionpool - DEBUG - Starting new HTTP connection (1): api.census.gov:80
2024-12-16 18:01:40,756 - urllib3.connectionpool - DEBUG - http://api.census.gov:80 "GET /data/2012/acs/acs5/profile?get=group%28DP03%29&for=county%3A%2A&key=848036d46fd55e63a5f1b21b7ef156d442ccd5b0 HTTP/1.1" 302 0
2024-12-16 18:01:40,757 - urllib3.connectionpool - DEBUG - Starting new HTTPS connection (1): api.census.gov:443
2024-12-16 18:01:44,409 - urllib3.connectionpool - DEBUG - https://api.census.gov:443 "GET /data/2012/acs/acs5/profile?get=group%28DP03%29&for=county%3A%2A&key=848036d46fd55e63a5f1b21b7ef156d442ccd5b0 HTTP/1.1" 200 None
2024-12-16 18:02:25,754 - collector - INFO - Data successfully saved to data\acs_acs5_profile_DP03_2012.json
2024-12-16 18:02:25,797 - urllib3.connectionpool - DEBUG - Starting new HTTP connection (1): api.census.gov:80
2024-12-16 18:02:25,998 - urllib3.connectionpool - DEBUG - http://api.census.gov:80 "GET /data/2012/acs/acs5/profile?get=group%28DP04%29&for=county%3A%2A&key=848036d46fd55e63a5f1b21b7ef156d442ccd5b0 HTTP/1.1" 302 0
2024-12-16 18:02:25,999 - urllib3.connectionpool - DEBUG - Starting new HTTPS connection (1): api.census.gov:443
2024-12-16 18:02:29,906 - urllib3.connectionpool - DEBUG - https://api.census.gov:443 "GET /data/2012/acs/acs5/profile?get=group%28DP04%29&for=county%3A%2A&key=848036d46fd55e63a5f1b21b7ef156d442ccd5b0 HTTP/1.1" 200 None
2024-12-16 18:03:15,440 - collector - INFO - Data successfully saved to data\acs_acs5_profile_DP04_2012.json
2024-12-16 18:03:15,483 - urllib3.connectionpool - DEBUG - Starting new HTTP connection (1): api.census.gov:80
2024-12-16 18:03:15,682 - urllib3.connectionpool - DEBUG - http://api.census.gov:80 "GET /data/2013/acs/acs5/profile?get=group%28DP02%29&for=county%3A%2A&key=848036d46fd55e63a5f1b21b7ef156d442ccd5b0 HTTP/1.1" 302 0
2024-12-16 18:03:15,683 - urllib3.connectionpool - DEBUG - Starting new HTTPS connection (1): api.census.gov:443
2024-12-16 18:03:19,079 - urllib3.connectionpool - DEBUG - https://api.census.gov:443 "GET /data/2013/acs/acs5/profile?get=group%28DP02%29&for=county%3A%2A&key=848036d46fd55e63a5f1b21b7ef156d442ccd5b0 HTTP/1.1" 200 None
2024-12-16 18:04:21,390 - collector - INFO - Data successfully saved to data\acs_acs5_profile_DP02_2013.json
2024-12-16 18:04:21,430 - urllib3.connectionpool - DEBUG - Starting new HTTP connection (1): api.census.gov:80
2024-12-16 18:04:21,641 - urllib3.connectionpool - DEBUG - http://api.census.gov:80 "GET /data/2013/acs/acs5/profile?get=group%28DP03%29&for=county%3A%2A&key=848036d46fd55e63a5f1b21b7ef156d442ccd5b0 HTTP/1.1" 302 0
2024-12-16 18:04:21,644 - urllib3.connectionpool - DEBUG - Starting new HTTPS connection (1): api.census.gov:443
2024-12-16 18:04:25,887 - urllib3.connectionpool - DEBUG - https://api.census.gov:443 "GET /data/2013/acs/acs5/profile?get=group%28DP03%29&for=county%3A%2A&key=848036d46fd55e63a5f1b21b7ef156d442ccd5b0 HTTP/1.1" 200 None
2024-12-16 18:05:07,924 - collector - INFO - Data successfully saved to data\acs_acs5_profile_DP03_2013.json
2024-12-16 18:05:07,972 - urllib3.connectionpool - DEBUG - Starting new HTTP connection (1): api.census.gov:80
2024-12-16 18:05:08,168 - urllib3.connectionpool - DEBUG - http://api.census.gov:80 "GET /data/2013/acs/acs5/profile?get=group%28DP04%29&for=county%3A%2A&key=848036d46fd55e63a5f1b21b7ef156d442ccd5b0 HTTP/1.1" 302 0
2024-12-16 18:05:08,169 - urllib3.connectionpool - DEBUG - Starting new HTTPS connection (1): api.census.gov:443
2024-12-16 18:05:12,352 - urllib3.connectionpool - DEBUG - https://api.census.gov:443 "GET /data/2013/acs/acs5/profile?get=group%28DP04%29&for=county%3A%2A&key=848036d46fd55e63a5f1b21b7ef156d442ccd5b0 HTTP/1.1" 200 None
2024-12-16 18:05:53,181 - collector - INFO - Data successfully saved to data\acs_acs5_profile_DP04_2013.json
2024-12-16 18:05:53,220 - urllib3.connectionpool - DEBUG - Starting new HTTP connection (1): api.census.gov:80
2024-12-16 18:05:53,428 - urllib3.connectionpool - DEBUG - http://api.census.gov:80 "GET /data/2014/acs/acs5/profile?get=group%28DP02%29&for=county%3A%2A&key=848036d46fd55e63a5f1b21b7ef156d442ccd5b0 HTTP/1.1" 302 0
2024-12-16 18:05:53,429 - urllib3.connectionpool - DEBUG - Starting new HTTPS connection (1): api.census.gov:443
2024-12-16 18:05:57,372 - urllib3.connectionpool - DEBUG - https://api.census.gov:443 "GET /data/2014/acs/acs5/profile?get=group%28DP02%29&for=county%3A%2A&key=848036d46fd55e63a5f1b21b7ef156d442ccd5b0 HTTP/1.1" 200 None
2024-12-16 18:06:40,593 - collector - INFO - Data successfully saved to data\acs_acs5_profile_DP02_2014.json
2024-12-16 18:06:40,637 - urllib3.connectionpool - DEBUG - Starting new HTTP connection (1): api.census.gov:80
2024-12-16 18:06:40,867 - urllib3.connectionpool - DEBUG - http://api.census.gov:80 "GET /data/2014/acs/acs5/profile?get=group%28DP03%29&for=county%3A%2A&key=848036d46fd55e63a5f1b21b7ef156d442ccd5b0 HTTP/1.1" 302 0
2024-12-16 18:06:40,868 - urllib3.connectionpool - DEBUG - Starting new HTTPS connection (1): api.census.gov:443
2024-12-16 18:06:44,517 - urllib3.connectionpool - DEBUG - https://api.census.gov:443 "GET /data/2014/acs/acs5/profile?get=group%28DP03%29&for=county%3A%2A&key=848036d46fd55e63a5f1b21b7ef156d442ccd5b0 HTTP/1.1" 200 None
2024-12-16 18:07:24,371 - collector - INFO - Data successfully saved to data\acs_acs5_profile_DP03_2014.json
2024-12-16 18:07:24,414 - urllib3.connectionpool - DEBUG - Starting new HTTP connection (1): api.census.gov:80
2024-12-16 18:07:24,609 - urllib3.connectionpool - DEBUG - http://api.census.gov:80 "GET /data/2014/acs/acs5/profile?get=group%28DP04%29&for=county%3A%2A&key=848036d46fd55e63a5f1b21b7ef156d442ccd5b0 HTTP/1.1" 302 0
2024-12-16 18:07:24,610 - urllib3.connectionpool - DEBUG - Starting new HTTPS connection (1): api.census.gov:443
2024-12-16 18:07:28,183 - urllib3.connectionpool - DEBUG - https://api.census.gov:443 "GET /data/2014/acs/acs5/profile?get=group%28DP04%29&for=county%3A%2A&key=848036d46fd55e63a5f1b21b7ef156d442ccd5b0 HTTP/1.1" 200 None
2024-12-16 18:08:09,556 - collector - INFO - Data successfully saved to data\acs_acs5_profile_DP04_2014.json
2024-12-16 18:08:09,594 - urllib3.connectionpool - DEBUG - Starting new HTTP connection (1): api.census.gov:80
2024-12-16 18:08:09,796 - urllib3.connectionpool - DEBUG - http://api.census.gov:80 "GET /data/2015/acs/acs5/profile?get=group%28DP02%29&for=county%3A%2A&key=848036d46fd55e63a5f1b21b7ef156d442ccd5b0 HTTP/1.1" 302 0
2024-12-16 18:08:09,797 - urllib3.connectionpool - DEBUG - Starting new HTTPS connection (1): api.census.gov:443
2024-12-16 18:08:13,189 - urllib3.connectionpool - DEBUG - https://api.census.gov:443 "GET /data/2015/acs/acs5/profile?get=group%28DP02%29&for=county%3A%2A&key=848036d46fd55e63a5f1b21b7ef156d442ccd5b0 HTTP/1.1" 200 None
2024-12-16 18:08:56,990 - collector - INFO - Data successfully saved to data\acs_acs5_profile_DP02_2015.json
2024-12-16 18:08:57,033 - urllib3.connectionpool - DEBUG - Starting new HTTP connection (1): api.census.gov:80
2024-12-16 18:08:57,232 - urllib3.connectionpool - DEBUG - http://api.census.gov:80 "GET /data/2015/acs/acs5/profile?get=group%28DP03%29&for=county%3A%2A&key=848036d46fd55e63a5f1b21b7ef156d442ccd5b0 HTTP/1.1" 302 0
2024-12-16 18:08:57,233 - urllib3.connectionpool - DEBUG - Starting new HTTPS connection (1): api.census.gov:443
2024-12-16 18:09:01,380 - urllib3.connectionpool - DEBUG - https://api.census.gov:443 "GET /data/2015/acs/acs5/profile?get=group%28DP03%29&for=county%3A%2A&key=848036d46fd55e63a5f1b21b7ef156d442ccd5b0 HTTP/1.1" 200 None
2024-12-16 18:09:43,533 - collector - INFO - Data successfully saved to data\acs_acs5_profile_DP03_2015.json
2024-12-16 18:09:43,574 - urllib3.connectionpool - DEBUG - Starting new HTTP connection (1): api.census.gov:80
2024-12-16 18:09:43,772 - urllib3.connectionpool - DEBUG - http://api.census.gov:80 "GET /data/2015/acs/acs5/profile?get=group%28DP04%29&for=county%3A%2A&key=848036d46fd55e63a5f1b21b7ef156d442ccd5b0 HTTP/1.1" 302 0
2024-12-16 18:09:43,773 - urllib3.connectionpool - DEBUG - Starting new HTTPS connection (1): api.census.gov:443
2024-12-16 18:09:47,332 - urllib3.connectionpool - DEBUG - https://api.census.gov:443 "GET /data/2015/acs/acs5/profile?get=group%28DP04%29&for=county%3A%2A&key=848036d46fd55e63a5f1b21b7ef156d442ccd5b0 HTTP/1.1" 200 None
2024-12-16 18:10:27,434 - collector - INFO - Data successfully saved to data\acs_acs5_profile_DP04_2015.json
2024-12-16 18:10:27,475 - urllib3.connectionpool - DEBUG - Starting new HTTP connection (1): api.census.gov:80
2024-12-16 18:10:27,670 - urllib3.connectionpool - DEBUG - http://api.census.gov:80 "GET /data/2016/acs/acs5/profile?get=group%28DP02%29&for=county%3A%2A&key=848036d46fd55e63a5f1b21b7ef156d442ccd5b0 HTTP/1.1" 302 0
2024-12-16 18:10:27,671 - urllib3.connectionpool - DEBUG - Starting new HTTPS connection (1): api.census.gov:443
2024-12-16 18:10:31,938 - urllib3.connectionpool - DEBUG - https://api.census.gov:443 "GET /data/2016/acs/acs5/profile?get=group%28DP02%29&for=county%3A%2A&key=848036d46fd55e63a5f1b21b7ef156d442ccd5b0 HTTP/1.1" 200 None
2024-12-16 18:11:13,037 - collector - INFO - Data successfully saved to data\acs_acs5_profile_DP02_2016.json
2024-12-16 18:11:13,076 - urllib3.connectionpool - DEBUG - Starting new HTTP connection (1): api.census.gov:80
2024-12-16 18:11:13,272 - urllib3.connectionpool - DEBUG - http://api.census.gov:80 "GET /data/2016/acs/acs5/profile?get=group%28DP03%29&for=county%3A%2A&key=848036d46fd55e63a5f1b21b7ef156d442ccd5b0 HTTP/1.1" 302 0
2024-12-16 18:11:13,273 - urllib3.connectionpool - DEBUG - Starting new HTTPS connection (1): api.census.gov:443
2024-12-16 18:11:17,465 - urllib3.connectionpool - DEBUG - https://api.census.gov:443 "GET /data/2016/acs/acs5/profile?get=group%28DP03%29&for=county%3A%2A&key=848036d46fd55e63a5f1b21b7ef156d442ccd5b0 HTTP/1.1" 200 None
2024-12-16 18:11:57,828 - collector - INFO - Data successfully saved to data\acs_acs5_profile_DP03_2016.json
2024-12-16 18:11:57,870 - urllib3.connectionpool - DEBUG - Starting new HTTP connection (1): api.census.gov:80
2024-12-16 18:11:58,070 - urllib3.connectionpool - DEBUG - http://api.census.gov:80 "GET /data/2016/acs/acs5/profile?get=group%28DP04%29&for=county%3A%2A&key=848036d46fd55e63a5f1b21b7ef156d442ccd5b0 HTTP/1.1" 302 0
2024-12-16 18:11:58,072 - urllib3.connectionpool - DEBUG - Starting new HTTPS connection (1): api.census.gov:443
2024-12-16 18:12:02,561 - urllib3.connectionpool - DEBUG - https://api.census.gov:443 "GET /data/2016/acs/acs5/profile?get=group%28DP04%29&for=county%3A%2A&key=848036d46fd55e63a5f1b21b7ef156d442ccd5b0 HTTP/1.1" 200 None
2024-12-16 18:12:41,261 - collector - INFO - Data successfully saved to data\acs_acs5_profile_DP04_2016.json
2024-12-16 18:12:41,303 - urllib3.connectionpool - DEBUG - Starting new HTTP connection (1): api.census.gov:80
2024-12-16 18:12:41,494 - urllib3.connectionpool - DEBUG - http://api.census.gov:80 "GET /data/2017/acs/acs5/profile?get=group%28DP02%29&for=county%3A%2A&key=848036d46fd55e63a5f1b21b7ef156d442ccd5b0 HTTP/1.1" 302 0
2024-12-16 18:12:41,495 - urllib3.connectionpool - DEBUG - Starting new HTTPS connection (1): api.census.gov:443
2024-12-16 18:12:44,662 - urllib3.connectionpool - DEBUG - https://api.census.gov:443 "GET /data/2017/acs/acs5/profile?get=group%28DP02%29&for=county%3A%2A&key=848036d46fd55e63a5f1b21b7ef156d442ccd5b0 HTTP/1.1" 200 None
2024-12-16 18:13:32,519 - collector - INFO - Data successfully saved to data\acs_acs5_profile_DP02_2017.json
2024-12-16 18:13:32,557 - urllib3.connectionpool - DEBUG - Starting new HTTP connection (1): api.census.gov:80
2024-12-16 18:13:32,779 - urllib3.connectionpool - DEBUG - http://api.census.gov:80 "GET /data/2017/acs/acs5/profile?get=group%28DP03%29&for=county%3A%2A&key=848036d46fd55e63a5f1b21b7ef156d442ccd5b0 HTTP/1.1" 302 0
2024-12-16 18:13:32,780 - urllib3.connectionpool - DEBUG - Starting new HTTPS connection (1): api.census.gov:443
2024-12-16 18:13:36,950 - urllib3.connectionpool - DEBUG - https://api.census.gov:443 "GET /data/2017/acs/acs5/profile?get=group%28DP03%29&for=county%3A%2A&key=848036d46fd55e63a5f1b21b7ef156d442ccd5b0 HTTP/1.1" 200 None
2024-12-16 18:14:19,122 - collector - INFO - Data successfully saved to data\acs_acs5_profile_DP03_2017.json
2024-12-16 18:14:19,166 - urllib3.connectionpool - DEBUG - Starting new HTTP connection (1): api.census.gov:80
2024-12-16 18:14:19,366 - urllib3.connectionpool - DEBUG - http://api.census.gov:80 "GET /data/2017/acs/acs5/profile?get=group%28DP04%29&for=county%3A%2A&key=848036d46fd55e63a5f1b21b7ef156d442ccd5b0 HTTP/1.1" 302 0
2024-12-16 18:14:19,367 - urllib3.connectionpool - DEBUG - Starting new HTTPS connection (1): api.census.gov:443
2024-12-16 18:14:23,885 - urllib3.connectionpool - DEBUG - https://api.census.gov:443 "GET /data/2017/acs/acs5/profile?get=group%28DP04%29&for=county%3A%2A&key=848036d46fd55e63a5f1b21b7ef156d442ccd5b0 HTTP/1.1" 200 None
2024-12-16 18:15:06,245 - collector - INFO - Data successfully saved to data\acs_acs5_profile_DP04_2017.json
2024-12-16 18:15:06,302 - urllib3.connectionpool - DEBUG - Starting new HTTP connection (1): api.census.gov:80
2024-12-16 18:15:06,884 - urllib3.connectionpool - DEBUG - http://api.census.gov:80 "GET /data/2018/acs/acs5/profile?get=group%28DP02%29&for=county%3A%2A&key=848036d46fd55e63a5f1b21b7ef156d442ccd5b0 HTTP/1.1" 302 0
2024-12-16 18:15:06,885 - urllib3.connectionpool - DEBUG - Starting new HTTPS connection (1): api.census.gov:443
2024-12-16 18:15:10,892 - urllib3.connectionpool - DEBUG - https://api.census.gov:443 "GET /data/2018/acs/acs5/profile?get=group%28DP02%29&for=county%3A%2A&key=848036d46fd55e63a5f1b21b7ef156d442ccd5b0 HTTP/1.1" 200 None
2024-12-16 18:15:54,947 - collector - INFO - Data successfully saved to data\acs_acs5_profile_DP02_2018.json
2024-12-16 18:15:54,988 - urllib3.connectionpool - DEBUG - Starting new HTTP connection (1): api.census.gov:80
2024-12-16 18:15:55,193 - urllib3.connectionpool - DEBUG - http://api.census.gov:80 "GET /data/2018/acs/acs5/profile?get=group%28DP03%29&for=county%3A%2A&key=848036d46fd55e63a5f1b21b7ef156d442ccd5b0 HTTP/1.1" 302 0
2024-12-16 18:15:55,194 - urllib3.connectionpool - DEBUG - Starting new HTTPS connection (1): api.census.gov:443
2024-12-16 18:15:59,537 - urllib3.connectionpool - DEBUG - https://api.census.gov:443 "GET /data/2018/acs/acs5/profile?get=group%28DP03%29&for=county%3A%2A&key=848036d46fd55e63a5f1b21b7ef156d442ccd5b0 HTTP/1.1" 200 None
2024-12-16 18:16:40,362 - collector - INFO - Data successfully saved to data\acs_acs5_profile_DP03_2018.json
2024-12-16 18:16:40,409 - urllib3.connectionpool - DEBUG - Starting new HTTP connection (1): api.census.gov:80
2024-12-16 18:16:40,613 - urllib3.connectionpool - DEBUG - http://api.census.gov:80 "GET /data/2018/acs/acs5/profile?get=group%28DP04%29&for=county%3A%2A&key=848036d46fd55e63a5f1b21b7ef156d442ccd5b0 HTTP/1.1" 302 0
2024-12-16 18:16:40,615 - urllib3.connectionpool - DEBUG - Starting new HTTPS connection (1): api.census.gov:443
2024-12-16 18:16:44,730 - urllib3.connectionpool - DEBUG - https://api.census.gov:443 "GET /data/2018/acs/acs5/profile?get=group%28DP04%29&for=county%3A%2A&key=848036d46fd55e63a5f1b21b7ef156d442ccd5b0 HTTP/1.1" 200 None
2024-12-16 18:17:42,267 - collector - INFO - Data successfully saved to data\acs_acs5_profile_DP04_2018.json
2024-12-16 18:17:42,317 - urllib3.connectionpool - DEBUG - Starting new HTTP connection (1): api.census.gov:80
2024-12-16 18:17:42,518 - urllib3.connectionpool - DEBUG - http://api.census.gov:80 "GET /data/2019/acs/acs5/profile?get=group%28DP02%29&for=county%3A%2A&key=848036d46fd55e63a5f1b21b7ef156d442ccd5b0 HTTP/1.1" 302 0
2024-12-16 18:17:42,520 - urllib3.connectionpool - DEBUG - Starting new HTTPS connection (1): api.census.gov:443
2024-12-16 18:17:45,724 - urllib3.connectionpool - DEBUG - https://api.census.gov:443 "GET /data/2019/acs/acs5/profile?get=group%28DP02%29&for=county%3A%2A&key=848036d46fd55e63a5f1b21b7ef156d442ccd5b0 HTTP/1.1" 200 None
2024-12-16 18:18:56,003 - collector - INFO - Data successfully saved to data\acs_acs5_profile_DP02_2019.json
2024-12-16 18:18:56,043 - urllib3.connectionpool - DEBUG - Starting new HTTP connection (1): api.census.gov:80
2024-12-16 18:18:56,256 - urllib3.connectionpool - DEBUG - http://api.census.gov:80 "GET /data/2019/acs/acs5/profile?get=group%28DP03%29&for=county%3A%2A&key=848036d46fd55e63a5f1b21b7ef156d442ccd5b0 HTTP/1.1" 302 0
2024-12-16 18:18:56,257 - urllib3.connectionpool - DEBUG - Starting new HTTPS connection (1): api.census.gov:443
2024-12-16 18:19:00,505 - urllib3.connectionpool - DEBUG - https://api.census.gov:443 "GET /data/2019/acs/acs5/profile?get=group%28DP03%29&for=county%3A%2A&key=848036d46fd55e63a5f1b21b7ef156d442ccd5b0 HTTP/1.1" 200 None
2024-12-16 18:19:59,526 - collector - INFO - Data successfully saved to data\acs_acs5_profile_DP03_2019.json
2024-12-16 18:19:59,565 - urllib3.connectionpool - DEBUG - Starting new HTTP connection (1): api.census.gov:80
2024-12-16 18:19:59,779 - urllib3.connectionpool - DEBUG - http://api.census.gov:80 "GET /data/2019/acs/acs5/profile?get=group%28DP04%29&for=county%3A%2A&key=848036d46fd55e63a5f1b21b7ef156d442ccd5b0 HTTP/1.1" 302 0
2024-12-16 18:19:59,781 - urllib3.connectionpool - DEBUG - Starting new HTTPS connection (1): api.census.gov:443
2024-12-16 18:20:04,033 - urllib3.connectionpool - DEBUG - https://api.census.gov:443 "GET /data/2019/acs/acs5/profile?get=group%28DP04%29&for=county%3A%2A&key=848036d46fd55e63a5f1b21b7ef156d442ccd5b0 HTTP/1.1" 200 None
2024-12-16 18:20:48,197 - collector - INFO - Data successfully saved to data\acs_acs5_profile_DP04_2019.json
2024-12-16 18:20:48,237 - urllib3.connectionpool - DEBUG - Starting new HTTP connection (1): api.census.gov:80
2024-12-16 18:20:48,429 - urllib3.connectionpool - DEBUG - http://api.census.gov:80 "GET /data/2020/acs/acs5/profile?get=group%28DP02%29&for=county%3A%2A&key=848036d46fd55e63a5f1b21b7ef156d442ccd5b0 HTTP/1.1" 302 0
2024-12-16 18:20:48,430 - urllib3.connectionpool - DEBUG - Starting new HTTPS connection (1): api.census.gov:443
2024-12-16 18:20:52,441 - urllib3.connectionpool - DEBUG - https://api.census.gov:443 "GET /data/2020/acs/acs5/profile?get=group%28DP02%29&for=county%3A%2A&key=848036d46fd55e63a5f1b21b7ef156d442ccd5b0 HTTP/1.1" 200 None
2024-12-16 18:21:36,303 - collector - INFO - Data successfully saved to data\acs_acs5_profile_DP02_2020.json
2024-12-16 18:21:36,340 - urllib3.connectionpool - DEBUG - Starting new HTTP connection (1): api.census.gov:80
2024-12-16 18:21:36,535 - urllib3.connectionpool - DEBUG - http://api.census.gov:80 "GET /data/2020/acs/acs5/profile?get=group%28DP03%29&for=county%3A%2A&key=848036d46fd55e63a5f1b21b7ef156d442ccd5b0 HTTP/1.1" 302 0
2024-12-16 18:21:36,536 - urllib3.connectionpool - DEBUG - Starting new HTTPS connection (1): api.census.gov:443
2024-12-16 18:21:40,773 - urllib3.connectionpool - DEBUG - https://api.census.gov:443 "GET /data/2020/acs/acs5/profile?get=group%28DP03%29&for=county%3A%2A&key=848036d46fd55e63a5f1b21b7ef156d442ccd5b0 HTTP/1.1" 200 None
2024-12-16 18:22:19,839 - collector - INFO - Data successfully saved to data\acs_acs5_profile_DP03_2020.json
2024-12-16 18:22:19,879 - urllib3.connectionpool - DEBUG - Starting new HTTP connection (1): api.census.gov:80
2024-12-16 18:22:20,118 - urllib3.connectionpool - DEBUG - http://api.census.gov:80 "GET /data/2020/acs/acs5/profile?get=group%28DP04%29&for=county%3A%2A&key=848036d46fd55e63a5f1b21b7ef156d442ccd5b0 HTTP/1.1" 302 0
2024-12-16 18:22:20,119 - urllib3.connectionpool - DEBUG - Starting new HTTPS connection (1): api.census.gov:443
2024-12-16 18:22:24,363 - urllib3.connectionpool - DEBUG - https://api.census.gov:443 "GET /data/2020/acs/acs5/profile?get=group%28DP04%29&for=county%3A%2A&key=848036d46fd55e63a5f1b21b7ef156d442ccd5b0 HTTP/1.1" 200 None
2024-12-16 18:23:04,885 - collector - INFO - Data successfully saved to data\acs_acs5_profile_DP04_2020.json
2024-12-16 18:23:04,920 - urllib3.connectionpool - DEBUG - Starting new HTTP connection (1): api.census.gov:80
2024-12-16 18:23:05,130 - urllib3.connectionpool - DEBUG - http://api.census.gov:80 "GET /data/2021/acs/acs5/profile?get=group%28DP02%29&for=county%3A%2A&key=848036d46fd55e63a5f1b21b7ef156d442ccd5b0 HTTP/1.1" 302 0
2024-12-16 18:23:05,131 - urllib3.connectionpool - DEBUG - Starting new HTTPS connection (1): api.census.gov:443
2024-12-16 18:23:09,618 - urllib3.connectionpool - DEBUG - https://api.census.gov:443 "GET /data/2021/acs/acs5/profile?get=group%28DP02%29&for=county%3A%2A&key=848036d46fd55e63a5f1b21b7ef156d442ccd5b0 HTTP/1.1" 200 None
2024-12-16 18:23:50,481 - collector - INFO - Data successfully saved to data\acs_acs5_profile_DP02_2021.json
2024-12-16 18:23:50,518 - urllib3.connectionpool - DEBUG - Starting new HTTP connection (1): api.census.gov:80
2024-12-16 18:23:50,715 - urllib3.connectionpool - DEBUG - http://api.census.gov:80 "GET /data/2021/acs/acs5/profile?get=group%28DP03%29&for=county%3A%2A&key=848036d46fd55e63a5f1b21b7ef156d442ccd5b0 HTTP/1.1" 302 0
2024-12-16 18:23:50,716 - urllib3.connectionpool - DEBUG - Starting new HTTPS connection (1): api.census.gov:443
2024-12-16 18:23:54,973 - urllib3.connectionpool - DEBUG - https://api.census.gov:443 "GET /data/2021/acs/acs5/profile?get=group%28DP03%29&for=county%3A%2A&key=848036d46fd55e63a5f1b21b7ef156d442ccd5b0 HTTP/1.1" 200 None
2024-12-16 18:24:34,263 - collector - INFO - Data successfully saved to data\acs_acs5_profile_DP03_2021.json
2024-12-16 18:24:34,301 - urllib3.connectionpool - DEBUG - Starting new HTTP connection (1): api.census.gov:80
2024-12-16 18:24:34,510 - urllib3.connectionpool - DEBUG - http://api.census.gov:80 "GET /data/2021/acs/acs5/profile?get=group%28DP04%29&for=county%3A%2A&key=848036d46fd55e63a5f1b21b7ef156d442ccd5b0 HTTP/1.1" 302 0
2024-12-16 18:24:34,511 - urllib3.connectionpool - DEBUG - Starting new HTTPS connection (1): api.census.gov:443
2024-12-16 18:24:38,778 - urllib3.connectionpool - DEBUG - https://api.census.gov:443 "GET /data/2021/acs/acs5/profile?get=group%28DP04%29&for=county%3A%2A&key=848036d46fd55e63a5f1b21b7ef156d442ccd5b0 HTTP/1.1" 200 None
2024-12-16 18:25:19,327 - collector - INFO - Data successfully saved to data\acs_acs5_profile_DP04_2021.json
2024-12-16 18:25:19,361 - urllib3.connectionpool - DEBUG - Starting new HTTP connection (1): api.census.gov:80
2024-12-16 18:25:19,560 - urllib3.connectionpool - DEBUG - http://api.census.gov:80 "GET /data/2022/acs/acs5/profile?get=group%28DP02%29&for=county%3A%2A&key=848036d46fd55e63a5f1b21b7ef156d442ccd5b0 HTTP/1.1" 302 0
2024-12-16 18:25:19,561 - urllib3.connectionpool - DEBUG - Starting new HTTPS connection (1): api.census.gov:443
2024-12-16 18:25:24,174 - urllib3.connectionpool - DEBUG - https://api.census.gov:443 "GET /data/2022/acs/acs5/profile?get=group%28DP02%29&for=county%3A%2A&key=848036d46fd55e63a5f1b21b7ef156d442ccd5b0 HTTP/1.1" 200 None
2024-12-16 18:26:08,785 - collector - INFO - Data successfully saved to data\acs_acs5_profile_DP02_2022.json
2024-12-16 18:26:08,821 - urllib3.connectionpool - DEBUG - Starting new HTTP connection (1): api.census.gov:80
2024-12-16 18:26:09,027 - urllib3.connectionpool - DEBUG - http://api.census.gov:80 "GET /data/2022/acs/acs5/profile?get=group%28DP03%29&for=county%3A%2A&key=848036d46fd55e63a5f1b21b7ef156d442ccd5b0 HTTP/1.1" 302 0
2024-12-16 18:26:09,028 - urllib3.connectionpool - DEBUG - Starting new HTTPS connection (1): api.census.gov:443
2024-12-16 18:26:12,906 - urllib3.connectionpool - DEBUG - https://api.census.gov:443 "GET /data/2022/acs/acs5/profile?get=group%28DP03%29&for=county%3A%2A&key=848036d46fd55e63a5f1b21b7ef156d442ccd5b0 HTTP/1.1" 200 None
2024-12-16 18:26:54,693 - collector - INFO - Data successfully saved to data\acs_acs5_profile_DP03_2022.json
2024-12-16 18:26:54,735 - urllib3.connectionpool - DEBUG - Starting new HTTP connection (1): api.census.gov:80
2024-12-16 18:26:54,946 - urllib3.connectionpool - DEBUG - http://api.census.gov:80 "GET /data/2022/acs/acs5/profile?get=group%28DP04%29&for=county%3A%2A&key=848036d46fd55e63a5f1b21b7ef156d442ccd5b0 HTTP/1.1" 302 0
2024-12-16 18:26:54,947 - urllib3.connectionpool - DEBUG - Starting new HTTPS connection (1): api.census.gov:443
2024-12-16 18:26:58,384 - urllib3.connectionpool - DEBUG - https://api.census.gov:443 "GET /data/2022/acs/acs5/profile?get=group%28DP04%29&for=county%3A%2A&key=848036d46fd55e63a5f1b21b7ef156d442ccd5b0 HTTP/1.1" 200 None
2024-12-16 18:27:40,399 - collector - INFO - Data successfully saved to data\acs_acs5_profile_DP04_2022.json
2024-12-16 18:28:08,143 - transformer - INFO - Final combined DataFrame for acs_acs5_profile_DP02: (43997, 576)
2024-12-16 18:28:37,703 - transformer - INFO - Final combined DataFrame for acs_acs5_profile_DP03: (45089, 439)
2024-12-16 18:29:05,865 - transformer - INFO - Final combined DataFrame for acs_acs5_profile_DP04: (45089, 556)
2024-12-16 18:29:11,973 - __main__ - INFO - Saved combined DataFrame for acs_acs5_profile_DP02 to data\acs_acs5_profile_DP02_combined.csv
2024-12-16 18:29:16,568 - __main__ - INFO - Saved combined DataFrame for acs_acs5_profile_DP03 to data\acs_acs5_profile_DP03_combined.csv
2024-12-16 18:29:21,850 - __main__ - INFO - Saved combined DataFrame for acs_acs5_profile_DP04 to data\acs_acs5_profile_DP04_combined.csv
